AARCH64 GAS  hello1.asm 			page 1


   1              	.data
   2              	
   3 0000 43616C65 	hellostr: .asciz "Caleb Powell\n"
   3      6220506F 
   3      77656C6C 
   3      0A00
   4              	
   5              	.text
   6              	
   7              	.global main
   8              	
   9              	main:
  10 0000 FD7BBFA9 	  stp x29,x30,[sp,#-16]!
  11 0004 A0000058 	  ldr x0,=hellostr
  12 0008 00000094 	  bl  printf
  13 000c 00008052 	  mov w0,#0
  14 0010 FD7BC1A8 	  ldp x29,x30,[sp],16
  15 0014 C0035FD6 	  ret
  15      00000000 
  15      00000000 
AARCH64 GAS  hello1.asm 			page 2


DEFINED SYMBOLS
          hello1.asm:3      .data:0000000000000000 hellostr
          hello1.asm:9      .text:0000000000000000 main
          hello1.asm:10     .text:0000000000000000 $x
          hello1.asm:15     .text:0000000000000018 $d

UNDEFINED SYMBOLS
printf
