AARCH64 GAS  add.asm 			page 1


   1              	.data
   2              	
   3 0000 54686520 	hellostr: .asciz "The numbers %i, %i, and %i add to %i\n"
   3      6E756D62 
   3      65727320 
   3      25692C20 
   3      25692C20 
   4              	
   5              	.text
   6              	
   7              	.global main
   8              	
   9              	main:
  10 0000 FD7BBFA9 	  stp x29,x30,[sp,#-16]! // Store Pair // Leave bread crumb
  11              	
  12 0004 21008052 	  mov w1,1 // first number
  13 0008 42008052 	  mov w2,2 // second number
  14 000c 63008052 	  mov w3,3 // third number
  15              	
  16 0010 2400020B 	  add w4,w1,w2 //add w1 and w2 then store the result in w4
  17 0014 6400040B 	  add w4,w3,w4 //add w3 and w4 then store the result in w4
  18              	
  19 0018 C0000058 	  ldr x0,=hellostr // address of format string is x0
  20              	
  21 001c 00000094 	  bl printf // Print the format string
  22              	
  23 0020 00008052 	  mov w0,#0 //Moving zero into register w0
  24 0024 FD7BC1A8 	  ldp x29,x30,[sp],16 // Pick up bread crumb
  25 0028 C0035FD6 	  ret
  25      00000000 
  25      00000000 
  25      00000000 
AARCH64 GAS  add.asm 			page 2


DEFINED SYMBOLS
             add.asm:3      .data:0000000000000000 hellostr
             add.asm:9      .text:0000000000000000 main
             add.asm:10     .text:0000000000000000 $x
             add.asm:25     .text:0000000000000030 $d

UNDEFINED SYMBOLS
printf
